{
  "stats": {
    "suites": 1,
    "tests": 34,
    "passes": 34,
    "pending": 0,
    "failures": 0,
    "start": "2020-07-24T12:29:06.709Z",
    "end": "2020-07-24T12:29:06.709Z",
    "duration": 127062,
    "testsRegistered": 34,
    "passPercent": 100,
    "pendingPercent": 0,
    "other": 0,
    "hasOther": false,
    "skipped": 0,
    "hasSkipped": false
  },
  "results": [
    {
      "uuid": "05bac469-7da6-4efd-aac5-758a5c7b6990",
      "title": "",
      "fullFile": "cypress/integration/consumersProfiles.spec.js",
      "file": "cypress/integration/consumersProfiles.spec.js",
      "beforeHooks": [],
      "afterHooks": [],
      "tests": [],
      "suites": [
        {
          "uuid": "3ec63e25-ce7f-45b6-bcf9-6543251a8cea",
          "title": "Younited Credit Single",
          "fullFile": "",
          "file": "",
          "beforeHooks": [],
          "afterHooks": [],
          "tests": [
            {
              "title": "Choose the project for credit",
              "fullTitle": "Younited Credit Single Choose the project for credit",
              "timedOut": null,
              "duration": 30856,
              "state": "passed",
              "speed": "slow",
              "pass": true,
              "fail": false,
              "pending": false,
              "context": null,
              "code": "cy.projectPage(consumers.projectSelect, consumers.amount, consumers.creditMaturity);\ncy.get('[data-di-id=di-id-bca9a80c-4fc29f73]').click();\ncy.url().should('include', '/email');\ncy.get(\"h2\").should('contain', 'Découvrez votre offre de prêt de');",
              "err": {},
              "uuid": "9e23e51c-8cba-40f9-8ae5-99a7a81b99a4",
              "parentUUID": "3ec63e25-ce7f-45b6-bcf9-6543251a8cea",
              "isHook": false,
              "skipped": false
            },
            {
              "title": "Email info page",
              "fullTitle": "Younited Credit Single Email info page",
              "timedOut": null,
              "duration": 3963,
              "state": "passed",
              "speed": "slow",
              "pass": true,
              "fail": false,
              "pending": false,
              "context": null,
              "code": "cy.emailConsumer(consumers.emailInput);\ncy.wait(2000);\ncy.get('[data-di-id=\"di-id-8c30ab93-a687b9f3\"]').click();\ncy.url().should('include', '/familysituation');\ncy.get(\"h2\").should('contain', 'Votre situation familiale');",
              "err": {},
              "uuid": "801bf429-273c-4323-9c86-0a99cec43475",
              "parentUUID": "3ec63e25-ce7f-45b6-bcf9-6543251a8cea",
              "isHook": false,
              "skipped": false
            },
            {
              "title": "Marital Status",
              "fullTitle": "Younited Credit Single Marital Status",
              "timedOut": null,
              "duration": 1385,
              "state": "passed",
              "speed": "slow",
              "pass": true,
              "fail": false,
              "pending": false,
              "context": null,
              "code": "cy.maritalStatusConsumer(consumers.maritalStatus, consumers.childNumber);\ncy.get('[type=\"checkbox\"]').check({\n  force: true\n}).should('be.checked');\ncy.get('[data-test=\"navigator-compact-forward\"]').click();\ncy.url().should('include', '/housing');\ncy.get(\"h2\").should('contain', 'Votre logement');",
              "err": {},
              "uuid": "d3d79fef-99c4-4382-b474-a7a2383c3091",
              "parentUUID": "3ec63e25-ce7f-45b6-bcf9-6543251a8cea",
              "isHook": false,
              "skipped": false
            },
            {
              "title": "Housing Status",
              "fullTitle": "Younited Credit Single Housing Status",
              "timedOut": null,
              "duration": 1679,
              "state": "passed",
              "speed": "slow",
              "pass": true,
              "fail": false,
              "pending": false,
              "context": null,
              "code": "cy.housingStatusConsumer(consumers.housingStatus, consumers.housingStatusFromMonth, consumers.housingStatusFromYear);\ncy.get('[type=\"checkbox\"]').uncheck({\n  force: true\n});\ncy.get('[data-test=\"navigator-compact-forward\"]').click();\ncy.url().should('include', '/professionalsituation');\ncy.get(\"h2\").should('contain', 'Votre situation professionnelle');",
              "err": {},
              "uuid": "6e01a334-9218-44fc-bc78-6a3a168dda5f",
              "parentUUID": "3ec63e25-ce7f-45b6-bcf9-6543251a8cea",
              "isHook": false,
              "skipped": false
            },
            {
              "title": "Activity Sector",
              "fullTitle": "Younited Credit Single Activity Sector",
              "timedOut": null,
              "duration": 3837,
              "state": "passed",
              "speed": "slow",
              "pass": true,
              "fail": false,
              "pending": false,
              "context": null,
              "code": "cy.activityConsumer(consumers.activitySector, consumers.profession, consumers.isIndependent, consumers.isPrivateSector, consumers.isRetired, consumers.businessActivityStartDateMonth, consumers.businessActivityStartDateYear, consumers.contractType, consumers.employedFromMonth, consumers.employedFromYear, consumers.pensionFromMonth, consumers.pensionFromYear);\ncy.wait(2000);\ncy.get('#ISCOMPANYBANKRUPT_FALSE').check({\n  force: true\n}).should('be.checked');\ncy.get('[data-test=navigator-compact-forward]').click();",
              "err": {},
              "uuid": "ead00065-a3b3-4020-8960-f3671e0ccb39",
              "parentUUID": "3ec63e25-ce7f-45b6-bcf9-6543251a8cea",
              "isHook": false,
              "skipped": false
            },
            {
              "title": "Incomes",
              "fullTitle": "Younited Credit Single Incomes",
              "timedOut": null,
              "duration": 1845,
              "state": "passed",
              "speed": "slow",
              "pass": true,
              "fail": false,
              "pending": false,
              "context": null,
              "code": "cy.incomConsumer(consumers.mainIncome, consumers.housingAssistance, consumers.additionalIncome, consumers.isMariedOrCohabitted, consumers.coIncome);\ncy.get('[data-test=\"navigator-compact-forward\"]').click();\ncy.url().should('include', '/outcomes');\ncy.get(\"h2\").should('contain', 'Vos charges mensuelles');",
              "err": {},
              "uuid": "d441bbab-e033-463e-af18-f2f522691bd1",
              "parentUUID": "3ec63e25-ce7f-45b6-bcf9-6543251a8cea",
              "isHook": false,
              "skipped": false
            },
            {
              "title": "Outcomes",
              "fullTitle": "Younited Credit Single Outcomes",
              "timedOut": null,
              "duration": 2247,
              "state": "passed",
              "speed": "slow",
              "pass": true,
              "fail": false,
              "pending": false,
              "context": null,
              "code": "cy.outcomeConsumer(consumers.isTenantOrLodge, consumers.isMortgage, consumers.isLoaned, consumers.isOwner, consumers.loanCount, consumers.rentAmount, consumers.mortgageAmount, consumers.type, consumers.loanAmount);\ncy.get('[data-test=\"navigator-compact-forward\"]').click();\ncy.url().should('include', '/bank');\ncy.get(\"h2\").should('contain', 'Votre banque');",
              "err": {},
              "uuid": "a0273f5a-17da-4c72-b56b-bdc02b63ce4a",
              "parentUUID": "3ec63e25-ce7f-45b6-bcf9-6543251a8cea",
              "isHook": false,
              "skipped": false
            },
            {
              "title": "Bank",
              "fullTitle": "Younited Credit Single Bank",
              "timedOut": null,
              "duration": 1337,
              "state": "passed",
              "speed": "slow",
              "pass": true,
              "fail": false,
              "pending": false,
              "context": null,
              "code": "cy.bankConsumer(consumers.bankCode, consumers.bankFromYear);\ncy.get('[data-test=navigator-compact-forward]').click();\ncy.url().should('include', '/identity');\ncy.get(\"h2\").should('contain', 'Vos informations');",
              "err": {},
              "uuid": "083a5a21-4fc0-4d24-ac8f-d643e4933dc0",
              "parentUUID": "3ec63e25-ce7f-45b6-bcf9-6543251a8cea",
              "isHook": false,
              "skipped": false
            },
            {
              "title": "Personal info Consumer",
              "fullTitle": "Younited Credit Single Personal info Consumer",
              "timedOut": null,
              "duration": 2055,
              "state": "passed",
              "speed": "slow",
              "pass": true,
              "fail": false,
              "pending": false,
              "context": null,
              "code": "cy.personalInfoConsumer(consumers.gender, consumers.lastName, consumers.firstName, consumers.dateOfBirthDay, consumers.dateOfBirthMonth, consumers.dateOfBirthYear, consumers.postalCode);",
              "err": {},
              "uuid": "4f1ccbd3-7b01-4bef-8c79-da8ed29c0ec8",
              "parentUUID": "3ec63e25-ce7f-45b6-bcf9-6543251a8cea",
              "isHook": false,
              "skipped": false
            },
            {
              "title": "Personal and Contact info",
              "fullTitle": "Younited Credit Single Personal and Contact info",
              "timedOut": null,
              "duration": 1520,
              "state": "passed",
              "speed": "slow",
              "pass": true,
              "fail": false,
              "pending": false,
              "context": null,
              "code": "cy.personalInfoConsumer(consumers.gender, consumers.lastName, consumers.firstName, consumers.dateOfBirthDay, consumers.dateOfBirthMonth, consumers.dateOfBirthYear, consumers.postalCode);",
              "err": {},
              "uuid": "e8571af2-d8c8-4089-a156-69b79a1d79fa",
              "parentUUID": "3ec63e25-ce7f-45b6-bcf9-6543251a8cea",
              "isHook": false,
              "skipped": false
            }
          ],
          "suites": [],
          "passes": [
            "9e23e51c-8cba-40f9-8ae5-99a7a81b99a4",
            "801bf429-273c-4323-9c86-0a99cec43475",
            "d3d79fef-99c4-4382-b474-a7a2383c3091",
            "6e01a334-9218-44fc-bc78-6a3a168dda5f",
            "ead00065-a3b3-4020-8960-f3671e0ccb39",
            "d441bbab-e033-463e-af18-f2f522691bd1",
            "a0273f5a-17da-4c72-b56b-bdc02b63ce4a",
            "083a5a21-4fc0-4d24-ac8f-d643e4933dc0",
            "4f1ccbd3-7b01-4bef-8c79-da8ed29c0ec8",
            "e8571af2-d8c8-4089-a156-69b79a1d79fa"
          ],
          "failures": [],
          "pending": [],
          "skipped": [],
          "duration": 50724,
          "root": false,
          "rootEmpty": false,
          "_timeout": 2000
        },
        {
          "uuid": "e48fd5c9-73f2-4bb5-84bd-01731b0c6a19",
          "title": "Younited Credit PACS",
          "fullFile": "",
          "file": "",
          "beforeHooks": [],
          "afterHooks": [],
          "tests": [
            {
              "title": "Choose the project for credit",
              "fullTitle": "Younited Credit PACS Choose the project for credit",
              "timedOut": null,
              "duration": 11984,
              "state": "passed",
              "speed": "slow",
              "pass": true,
              "fail": false,
              "pending": false,
              "context": null,
              "code": "cy.projectPage(consumers.projectSelect, consumers.amount, consumers.creditMaturity);\ncy.get('[data-di-id=di-id-bca9a80c-4fc29f73]').click();\ncy.url().should('include', '/email');\ncy.get(\"h2\").should('contain', 'Découvrez votre offre de prêt de');",
              "err": {},
              "uuid": "a85ab2f1-0c2b-43ec-9e77-9406c34a07e6",
              "parentUUID": "e48fd5c9-73f2-4bb5-84bd-01731b0c6a19",
              "isHook": false,
              "skipped": false
            },
            {
              "title": "Email info page",
              "fullTitle": "Younited Credit PACS Email info page",
              "timedOut": null,
              "duration": 3697,
              "state": "passed",
              "speed": "slow",
              "pass": true,
              "fail": false,
              "pending": false,
              "context": null,
              "code": "cy.emailConsumer(consumers.emailInput);\ncy.wait(2000);\ncy.get('[data-di-id=\"di-id-8c30ab93-a687b9f3\"]').click();\ncy.url().should('include', '/familysituation');\ncy.get(\"h2\").should('contain', 'Votre situation familiale');",
              "err": {},
              "uuid": "469bc426-c622-4b2e-84f2-b79fdb838fea",
              "parentUUID": "e48fd5c9-73f2-4bb5-84bd-01731b0c6a19",
              "isHook": false,
              "skipped": false
            },
            {
              "title": "Marital Status",
              "fullTitle": "Younited Credit PACS Marital Status",
              "timedOut": null,
              "duration": 1074,
              "state": "passed",
              "speed": "slow",
              "pass": true,
              "fail": false,
              "pending": false,
              "context": null,
              "code": "cy.maritalStatusConsumer(consumers.maritalStatus, consumers.childNumber);\ncy.get('[type=\"checkbox\"]').check({\n  force: true\n}).should('be.checked');\ncy.get('[data-test=\"navigator-compact-forward\"]').click();\ncy.url().should('include', '/housing');\ncy.get(\"h2\").should('contain', 'Votre logement');",
              "err": {},
              "uuid": "5818c02f-18a6-4cdc-9e67-e4f99e54f046",
              "parentUUID": "e48fd5c9-73f2-4bb5-84bd-01731b0c6a19",
              "isHook": false,
              "skipped": false
            },
            {
              "title": "Housing Status",
              "fullTitle": "Younited Credit PACS Housing Status",
              "timedOut": null,
              "duration": 1622,
              "state": "passed",
              "speed": "slow",
              "pass": true,
              "fail": false,
              "pending": false,
              "context": null,
              "code": "cy.housingStatusConsumer(consumers.housingStatus, consumers.housingStatusFromMonth, consumers.housingStatusFromYear);\ncy.get('[type=\"checkbox\"]').uncheck({\n  force: true\n});\ncy.get('[data-test=\"navigator-compact-forward\"]').click();\ncy.url().should('include', '/professionalsituation');\ncy.get(\"h2\").should('contain', 'Votre situation professionnelle');",
              "err": {},
              "uuid": "073e2e34-c1e1-4fd8-b571-bc276840eae9",
              "parentUUID": "e48fd5c9-73f2-4bb5-84bd-01731b0c6a19",
              "isHook": false,
              "skipped": false
            },
            {
              "title": "Activity Sector",
              "fullTitle": "Younited Credit PACS Activity Sector",
              "timedOut": null,
              "duration": 4290,
              "state": "passed",
              "speed": "slow",
              "pass": true,
              "fail": false,
              "pending": false,
              "context": null,
              "code": "cy.activityConsumer(consumers.activitySector, consumers.profession, consumers.isIndependent, consumers.isPrivateSector, consumers.isRetired, consumers.businessActivityStartDateMonth, consumers.businessActivityStartDateYear, consumers.contractType, consumers.employedFromMonth, consumers.employedFromYear, consumers.pensionFromMonth, consumers.pensionFromYear);\ncy.wait(2000);\ncy.get('#ISCOMPANYBANKRUPT_FALSE').check({\n  force: true\n}).should('be.checked');\ncy.get('[data-test=navigator-compact-forward]').click();",
              "err": {},
              "uuid": "3247400a-f2cb-4c31-a768-a1322b6e414e",
              "parentUUID": "e48fd5c9-73f2-4bb5-84bd-01731b0c6a19",
              "isHook": false,
              "skipped": false
            },
            {
              "title": "Partner Activity Sector",
              "fullTitle": "Younited Credit PACS Partner Activity Sector",
              "timedOut": null,
              "duration": 1828,
              "state": "passed",
              "speed": "slow",
              "pass": true,
              "fail": false,
              "pending": false,
              "context": null,
              "code": "cy.url().should('include', '/partnerprofession');\ncy.get(\"h2\").should('contain', 'Profession de votre conjoint');\ncy.partnerActivityMarriedConsumer(consumers.partnerActivitySector, consumers.partnerProfession, consumers.partnerContractType, consumers.partnerEmployedFromMonth, consumers.partnerEmployedFromYear, consumers.isMariedOrCohabitted, consumers.isPartnerJob);\ncy.get('[data-test=navigator-compact-forward]').click();\ncy.url().should('include', '/incomes');\ncy.get(\"h2\").should('contain', 'Vos revenus mensuels');",
              "err": {},
              "uuid": "fa162c48-e9cd-4d62-9845-f8905434ca26",
              "parentUUID": "e48fd5c9-73f2-4bb5-84bd-01731b0c6a19",
              "isHook": false,
              "skipped": false
            },
            {
              "title": "Incomes",
              "fullTitle": "Younited Credit PACS Incomes",
              "timedOut": null,
              "duration": 1716,
              "state": "passed",
              "speed": "slow",
              "pass": true,
              "fail": false,
              "pending": false,
              "context": null,
              "code": "cy.incomConsumer(consumers.mainIncome, consumers.housingAssistance, consumers.additionalIncome, consumers.isMariedOrCohabitted, consumers.coIncome);\ncy.get('[data-test=\"navigator-compact-forward\"]').click();\ncy.url().should('include', '/outcomes');\ncy.get(\"h2\").should('contain', 'Vos charges mensuelles');",
              "err": {},
              "uuid": "1c5e465b-a9f2-437f-bfad-fe9b0d3e6260",
              "parentUUID": "e48fd5c9-73f2-4bb5-84bd-01731b0c6a19",
              "isHook": false,
              "skipped": false
            },
            {
              "title": "Outcomes",
              "fullTitle": "Younited Credit PACS Outcomes",
              "timedOut": null,
              "duration": 1310,
              "state": "passed",
              "speed": "slow",
              "pass": true,
              "fail": false,
              "pending": false,
              "context": null,
              "code": "cy.outcomeConsumer(consumers.isTenantOrLodge, consumers.isMortgage, consumers.isLoaned, consumers.isOwner, consumers.loanCount, consumers.rentAmount, consumers.mortgageAmount, consumers.type, consumers.loanAmount);\ncy.get('[data-test=\"navigator-compact-forward\"]').click();\ncy.url().should('include', '/bank');\ncy.get(\"h2\").should('contain', 'Votre banque');",
              "err": {},
              "uuid": "cc651dcd-3bfc-4d3a-9974-70545d5fa9ef",
              "parentUUID": "e48fd5c9-73f2-4bb5-84bd-01731b0c6a19",
              "isHook": false,
              "skipped": false
            },
            {
              "title": "Bank",
              "fullTitle": "Younited Credit PACS Bank",
              "timedOut": null,
              "duration": 1838,
              "state": "passed",
              "speed": "slow",
              "pass": true,
              "fail": false,
              "pending": false,
              "context": null,
              "code": "cy.bankConsumer(consumers.bankCode, consumers.bankFromYear);\ncy.get('[data-test=navigator-compact-forward]').click();\ncy.url().should('include', '/identity');\ncy.get(\"h2\").should('contain', 'Vos informations');",
              "err": {},
              "uuid": "04d732d5-9124-4580-ad16-f3e65a0afb16",
              "parentUUID": "e48fd5c9-73f2-4bb5-84bd-01731b0c6a19",
              "isHook": false,
              "skipped": false
            },
            {
              "title": "Personal info Consumer",
              "fullTitle": "Younited Credit PACS Personal info Consumer",
              "timedOut": null,
              "duration": 1762,
              "state": "passed",
              "speed": "slow",
              "pass": true,
              "fail": false,
              "pending": false,
              "context": null,
              "code": "cy.personalInfoConsumer(consumers.gender, consumers.lastName, consumers.firstName, consumers.dateOfBirthDay, consumers.dateOfBirthMonth, consumers.dateOfBirthYear, consumers.postalCode);",
              "err": {},
              "uuid": "8fa2fff3-8315-49b1-98c5-7430fce6b117",
              "parentUUID": "e48fd5c9-73f2-4bb5-84bd-01731b0c6a19",
              "isHook": false,
              "skipped": false
            },
            {
              "title": "Personal info Partner",
              "fullTitle": "Younited Credit PACS Personal info Partner",
              "timedOut": null,
              "duration": 1570,
              "state": "passed",
              "speed": "slow",
              "pass": true,
              "fail": false,
              "pending": false,
              "context": null,
              "code": "cy.personalInfoPartnerConsumer(consumers.partnerPostalCode, consumers.partnerDateOfBirthYear, consumers.partnerDateOfBirthMonth, consumers.partnerDateOfBirthDay, consumers.partnerFirstName, consumers.isMarried, consumers.partnerMaidenName, consumers.isPartner, consumers.partnerGender, consumers.partnerLastName);",
              "err": {},
              "uuid": "82bd8ce9-399f-4954-a9da-41806177c1f2",
              "parentUUID": "e48fd5c9-73f2-4bb5-84bd-01731b0c6a19",
              "isHook": false,
              "skipped": false
            },
            {
              "title": "Personal and Contact info",
              "fullTitle": "Younited Credit PACS Personal and Contact info",
              "timedOut": null,
              "duration": 1440,
              "state": "passed",
              "speed": "slow",
              "pass": true,
              "fail": false,
              "pending": false,
              "context": null,
              "code": "cy.personalInfoConsumer(consumers.gender, consumers.lastName, consumers.firstName, consumers.dateOfBirthDay, consumers.dateOfBirthMonth, consumers.dateOfBirthYear, consumers.postalCode);",
              "err": {},
              "uuid": "abfb77ec-ddf4-422b-b8dd-92c4debef0a6",
              "parentUUID": "e48fd5c9-73f2-4bb5-84bd-01731b0c6a19",
              "isHook": false,
              "skipped": false
            }
          ],
          "suites": [],
          "passes": [
            "a85ab2f1-0c2b-43ec-9e77-9406c34a07e6",
            "469bc426-c622-4b2e-84f2-b79fdb838fea",
            "5818c02f-18a6-4cdc-9e67-e4f99e54f046",
            "073e2e34-c1e1-4fd8-b571-bc276840eae9",
            "3247400a-f2cb-4c31-a768-a1322b6e414e",
            "fa162c48-e9cd-4d62-9845-f8905434ca26",
            "1c5e465b-a9f2-437f-bfad-fe9b0d3e6260",
            "cc651dcd-3bfc-4d3a-9974-70545d5fa9ef",
            "04d732d5-9124-4580-ad16-f3e65a0afb16",
            "8fa2fff3-8315-49b1-98c5-7430fce6b117",
            "82bd8ce9-399f-4954-a9da-41806177c1f2",
            "abfb77ec-ddf4-422b-b8dd-92c4debef0a6"
          ],
          "failures": [],
          "pending": [],
          "skipped": [],
          "duration": 34131,
          "root": false,
          "rootEmpty": false,
          "_timeout": 2000
        },
        {
          "uuid": "65f11ff0-9069-4249-b677-263667be9547",
          "title": "Younited Credit Married",
          "fullFile": "",
          "file": "",
          "beforeHooks": [],
          "afterHooks": [],
          "tests": [
            {
              "title": "Choose the project for credit",
              "fullTitle": "Younited Credit Married Choose the project for credit",
              "timedOut": null,
              "duration": 20949,
              "state": "passed",
              "speed": "slow",
              "pass": true,
              "fail": false,
              "pending": false,
              "context": null,
              "code": "cy.projectPage(consumers.projectSelect, consumers.amount, consumers.creditMaturity);\ncy.get('[data-di-id=di-id-bca9a80c-4fc29f73]').click();\ncy.url().should('include', '/email');\ncy.get(\"h2\").should('contain', 'Découvrez votre offre de prêt de');",
              "err": {},
              "uuid": "a27f3e4e-87d4-4807-9a12-bc635a910df0",
              "parentUUID": "65f11ff0-9069-4249-b677-263667be9547",
              "isHook": false,
              "skipped": false
            },
            {
              "title": "Email info page",
              "fullTitle": "Younited Credit Married Email info page",
              "timedOut": null,
              "duration": 3582,
              "state": "passed",
              "speed": "slow",
              "pass": true,
              "fail": false,
              "pending": false,
              "context": null,
              "code": "cy.emailConsumer(consumers.emailInput);\ncy.wait(2000);\ncy.get('[data-di-id=\"di-id-8c30ab93-a687b9f3\"]').click();\ncy.url().should('include', '/familysituation');\ncy.get(\"h2\").should('contain', 'Votre situation familiale');",
              "err": {},
              "uuid": "50ae9a19-7966-4dee-8164-a64e3c810cc3",
              "parentUUID": "65f11ff0-9069-4249-b677-263667be9547",
              "isHook": false,
              "skipped": false
            },
            {
              "title": "Marital Status",
              "fullTitle": "Younited Credit Married Marital Status",
              "timedOut": null,
              "duration": 1242,
              "state": "passed",
              "speed": "slow",
              "pass": true,
              "fail": false,
              "pending": false,
              "context": null,
              "code": "cy.maritalStatusConsumer(consumers.maritalStatus, consumers.childNumber);\ncy.get('[type=\"checkbox\"]').check({\n  force: true\n}).should('be.checked');\ncy.get('[data-test=\"navigator-compact-forward\"]').click();\ncy.url().should('include', '/housing');\ncy.get(\"h2\").should('contain', 'Votre logement');",
              "err": {},
              "uuid": "0304993a-9ad0-402f-acf8-a4f82218b210",
              "parentUUID": "65f11ff0-9069-4249-b677-263667be9547",
              "isHook": false,
              "skipped": false
            },
            {
              "title": "Housing Status",
              "fullTitle": "Younited Credit Married Housing Status",
              "timedOut": null,
              "duration": 2351,
              "state": "passed",
              "speed": "slow",
              "pass": true,
              "fail": false,
              "pending": false,
              "context": null,
              "code": "cy.housingStatusConsumer(consumers.housingStatus, consumers.housingStatusFromMonth, consumers.housingStatusFromYear);\ncy.get('[type=\"checkbox\"]').uncheck({\n  force: true\n});\ncy.get('[data-test=\"navigator-compact-forward\"]').click();\ncy.url().should('include', '/professionalsituation');\ncy.get(\"h2\").should('contain', 'Votre situation professionnelle');",
              "err": {},
              "uuid": "46fe7e28-af9b-46f0-b82c-e74d2ba16470",
              "parentUUID": "65f11ff0-9069-4249-b677-263667be9547",
              "isHook": false,
              "skipped": false
            },
            {
              "title": "Activity Sector",
              "fullTitle": "Younited Credit Married Activity Sector",
              "timedOut": null,
              "duration": 4501,
              "state": "passed",
              "speed": "slow",
              "pass": true,
              "fail": false,
              "pending": false,
              "context": null,
              "code": "cy.activityConsumer(consumers.activitySector, consumers.profession, consumers.isIndependent, consumers.isPrivateSector, consumers.isRetired, consumers.businessActivityStartDateMonth, consumers.businessActivityStartDateYear, consumers.contractType, consumers.employedFromMonth, consumers.employedFromYear, consumers.pensionFromMonth, consumers.pensionFromYear);\ncy.wait(2000);\ncy.get('#ISCOMPANYBANKRUPT_FALSE').check({\n  force: true\n}).should('be.checked');\ncy.get('[data-test=navigator-compact-forward]').click();",
              "err": {},
              "uuid": "f8a185ff-e590-45c4-9fab-930cb5f82e20",
              "parentUUID": "65f11ff0-9069-4249-b677-263667be9547",
              "isHook": false,
              "skipped": false
            },
            {
              "title": "Partner Activity Sector",
              "fullTitle": "Younited Credit Married Partner Activity Sector",
              "timedOut": null,
              "duration": 1771,
              "state": "passed",
              "speed": "slow",
              "pass": true,
              "fail": false,
              "pending": false,
              "context": null,
              "code": "cy.url().should('include', '/partnerprofession');\ncy.get(\"h2\").should('contain', 'Profession de votre conjoint');\ncy.partnerActivityMarriedConsumer(consumers.partnerActivitySector, consumers.partnerProfession, consumers.partnerContractType, consumers.partnerEmployedFromMonth, consumers.partnerEmployedFromYear, consumers.isMariedOrCohabitted, consumers.isPartnerJob);\ncy.get('[data-test=navigator-compact-forward]').click();\ncy.url().should('include', '/incomes');\ncy.get(\"h2\").should('contain', 'Vos revenus mensuels');",
              "err": {},
              "uuid": "0add8991-511d-4aaf-bcc5-baee8153004c",
              "parentUUID": "65f11ff0-9069-4249-b677-263667be9547",
              "isHook": false,
              "skipped": false
            },
            {
              "title": "Incomes",
              "fullTitle": "Younited Credit Married Incomes",
              "timedOut": null,
              "duration": 1698,
              "state": "passed",
              "speed": "slow",
              "pass": true,
              "fail": false,
              "pending": false,
              "context": null,
              "code": "cy.incomConsumer(consumers.mainIncome, consumers.housingAssistance, consumers.additionalIncome, consumers.isMariedOrCohabitted, consumers.coIncome);\ncy.get('[data-test=\"navigator-compact-forward\"]').click();\ncy.url().should('include', '/outcomes');\ncy.get(\"h2\").should('contain', 'Vos charges mensuelles');",
              "err": {},
              "uuid": "65f9386e-ad37-41e6-b060-05b471bd21e9",
              "parentUUID": "65f11ff0-9069-4249-b677-263667be9547",
              "isHook": false,
              "skipped": false
            },
            {
              "title": "Outcomes",
              "fullTitle": "Younited Credit Married Outcomes",
              "timedOut": null,
              "duration": 1236,
              "state": "passed",
              "speed": "slow",
              "pass": true,
              "fail": false,
              "pending": false,
              "context": null,
              "code": "cy.outcomeConsumer(consumers.isTenantOrLodge, consumers.isMortgage, consumers.isLoaned, consumers.isOwner, consumers.loanCount, consumers.rentAmount, consumers.mortgageAmount, consumers.type, consumers.loanAmount);\ncy.get('[data-test=\"navigator-compact-forward\"]').click();\ncy.url().should('include', '/bank');\ncy.get(\"h2\").should('contain', 'Votre banque');",
              "err": {},
              "uuid": "481bc033-db6b-4c48-82ab-be468ffeca3e",
              "parentUUID": "65f11ff0-9069-4249-b677-263667be9547",
              "isHook": false,
              "skipped": false
            },
            {
              "title": "Bank",
              "fullTitle": "Younited Credit Married Bank",
              "timedOut": null,
              "duration": 1656,
              "state": "passed",
              "speed": "slow",
              "pass": true,
              "fail": false,
              "pending": false,
              "context": null,
              "code": "cy.bankConsumer(consumers.bankCode, consumers.bankFromYear);\ncy.get('[data-test=navigator-compact-forward]').click();\ncy.url().should('include', '/identity');\ncy.get(\"h2\").should('contain', 'Vos informations');",
              "err": {},
              "uuid": "52dcdc60-2e47-4c85-87e2-f9d220c87f2c",
              "parentUUID": "65f11ff0-9069-4249-b677-263667be9547",
              "isHook": false,
              "skipped": false
            },
            {
              "title": "Personal info Consumer",
              "fullTitle": "Younited Credit Married Personal info Consumer",
              "timedOut": null,
              "duration": 1815,
              "state": "passed",
              "speed": "slow",
              "pass": true,
              "fail": false,
              "pending": false,
              "context": null,
              "code": "cy.personalInfoConsumer(consumers.gender, consumers.lastName, consumers.firstName, consumers.dateOfBirthDay, consumers.dateOfBirthMonth, consumers.dateOfBirthYear, consumers.postalCode);",
              "err": {},
              "uuid": "9b064f4c-e107-4019-b74b-f70b1b038733",
              "parentUUID": "65f11ff0-9069-4249-b677-263667be9547",
              "isHook": false,
              "skipped": false
            },
            {
              "title": "Personal info Partner",
              "fullTitle": "Younited Credit Married Personal info Partner",
              "timedOut": null,
              "duration": 28,
              "state": "passed",
              "speed": "fast",
              "pass": true,
              "fail": false,
              "pending": false,
              "context": null,
              "code": "cy.personalInfoPartnerConsumer(consumers.partnerPostalCode, consumers.partnerDateOfBirthYear, consumers.partnerDateOfBirthMonth, consumers.partnerDateOfBirthDay, consumers.partnerFirstName, consumers.isMarried, consumers.partnerMaidenName, consumers.isPartner, consumers.partnerGender, consumers.partnerLastName);",
              "err": {},
              "uuid": "9b6b69d8-3ee4-49e1-90e0-4e5d4eda8e47",
              "parentUUID": "65f11ff0-9069-4249-b677-263667be9547",
              "isHook": false,
              "skipped": false
            },
            {
              "title": "Personal and Contact info",
              "fullTitle": "Younited Credit Married Personal and Contact info",
              "timedOut": null,
              "duration": 1378,
              "state": "passed",
              "speed": "slow",
              "pass": true,
              "fail": false,
              "pending": false,
              "context": null,
              "code": "cy.personalInfoConsumer(consumers.gender, consumers.lastName, consumers.firstName, consumers.dateOfBirthDay, consumers.dateOfBirthMonth, consumers.dateOfBirthYear, consumers.postalCode);",
              "err": {},
              "uuid": "35cde4ea-f220-4ba4-b3d8-f22a0a153b43",
              "parentUUID": "65f11ff0-9069-4249-b677-263667be9547",
              "isHook": false,
              "skipped": false
            }
          ],
          "suites": [],
          "passes": [
            "a27f3e4e-87d4-4807-9a12-bc635a910df0",
            "50ae9a19-7966-4dee-8164-a64e3c810cc3",
            "0304993a-9ad0-402f-acf8-a4f82218b210",
            "46fe7e28-af9b-46f0-b82c-e74d2ba16470",
            "f8a185ff-e590-45c4-9fab-930cb5f82e20",
            "0add8991-511d-4aaf-bcc5-baee8153004c",
            "65f9386e-ad37-41e6-b060-05b471bd21e9",
            "481bc033-db6b-4c48-82ab-be468ffeca3e",
            "52dcdc60-2e47-4c85-87e2-f9d220c87f2c",
            "9b064f4c-e107-4019-b74b-f70b1b038733",
            "9b6b69d8-3ee4-49e1-90e0-4e5d4eda8e47",
            "35cde4ea-f220-4ba4-b3d8-f22a0a153b43"
          ],
          "failures": [],
          "pending": [],
          "skipped": [],
          "duration": 42207,
          "root": false,
          "rootEmpty": false,
          "_timeout": 2000
        }
      ],
      "passes": [],
      "failures": [],
      "pending": [],
      "skipped": [],
      "duration": 0,
      "root": true,
      "rootEmpty": true,
      "_timeout": 2000
    }
  ],
  "meta": {
    "mocha": {
      "version": "7.0.1"
    },
    "mochawesome": {
      "options": {
        "quiet": false,
        "reportFilename": "mochawesome",
        "saveHtml": false,
        "saveJson": true,
        "consoleReporter": "spec",
        "useInlineDiffs": false,
        "code": true
      },
      "version": "6.1.1"
    },
    "marge": {
      "options": {
        "reportDir": "cypress/results",
        "overwrite": false,
        "html": false,
        "json": true
      },
      "version": "5.1.0"
    }
  }
}